<?xml version="1.0" encoding="UTF-8"?>
<testsuites name="Mocha Tests" time="9.0580" tests="2" failures="1">
  <testsuite name="Root Suite" timestamp="2021-09-09T20:01:24" tests="0" time="0.0000" failures="0">
  </testsuite>
  <testsuite name="Schema RPC Interface" timestamp="2021-09-09T20:01:24" tests="2" time="9.0580" failures="1">
    <testcase name="Schema RPC Interface &quot;before all&quot; hook for &quot;should get schema keys&quot;" time="9.0580" classname="&quot;before all&quot; hook for &quot;should get schema keys&quot;">
      <failure message="Failed to open test iModel. Error: iModel does not exist." type="Error"><![CDATA[Error: Failed to open test iModel. Error: iModel does not exist.
    at IModelSession.open (C:\Workspace\imodeljs\full-stack-tests\ecschema-rpc-interface\src\frontend\setup\IModelSession.ts:68:13)
    at Context.<anonymous> (C:\Workspace\imodeljs\full-stack-tests\ecschema-rpc-interface\src\frontend\SchemaRpcInterface.test.ts:23:14)]]></failure>
    </testcase>
  </testsuite>
</testsuites>